#
# A fatal error has been detected by the Java Runtime Environment:
#
#  EXCEPTION_ACCESS_VIOLATION (0xc0000005) at pc=0x00000000538e81c5, pid=13780, tid=3504
#
# JRE version: Java(TM) SE Runtime Environment (8.0_51-b16) (build 1.8.0_51-b16)
# Java VM: Java HotSpot(TM) 64-Bit Server VM (25.51-b03 mixed mode windows-amd64 compressed oops)
# Problematic frame:
# V  [jvm.dll+0x1281c5]
#
# Failed to write core dump. Minidumps are not enabled by default on client versions of Windows
#
# If you would like to submit a bug report, please visit:
#   http://bugreport.java.com/bugreport/crash.jsp
#

---------------  T H R E A D  ---------------

Current thread (0x0000000019939800):  JavaThread "JDWP Transport Listener: dt_socket" daemon [_thread_in_vm, id=3504, stack(0x000000001a240000,0x000000001a340000)]

siginfo: ExceptionCode=0xc0000005, reading address 0xffffffffffffffff

Registers:
RAX=0x000000001a33f301, RBX=0x0000000019939800, RCX=0x6f69747065637845, RDX=0x0000000000000000
RSP=0x000000001a33f2e0, RBP=0x6f69747065637845, RSI=0x000000001a33f3f8, RDI=0x0000000000c8ea90
R8 =0x0000000019939800, R9 =0x0000000000008000, R10=0x0000000000000000, R11=0x000000001a33f58c
R12=0x0000000000000000, R13=0x0000000019943978, R14=0x0000000000000000, R15=0x0000000000000000
RIP=0x00000000538e81c5, EFLAGS=0x0000000000010202

Top of Stack: (sp=0x000000001a33f2e0)
0x000000001a33f2e0:   0000000019939800 0000000019939800
0x000000001a33f2f0:   000000001a33f3a8 0000000053aec72b
0x000000001a33f300:   0000000019939800 0000000053b08f8d
0x000000001a33f310:   0000000000000000 0000000054e49155
0x000000001a33f320:   000000001a9034c0 0000000054e5291e
0x000000001a33f330:   0000000019939800 0000000000000000
0x000000001a33f340:   0000000000000000 0000000000000000
0x000000001a33f350:   6f69747065637845 0000000054e51a15
0x000000001a33f360:   000000001a33f3f8 000000001a33f3d0
0x000000001a33f370:   0000000000000001 000000001a9034c0
0x000000001a33f380:   6f69747065637845 0000000054e353b3
0x000000001a33f390:   000000001a33f4c0 0000000000000001
0x000000001a33f3a0:   0000000000000001 000000001a9034c0
0x000000001a33f3b0:   0000000000000009 0000000000000000
0x000000001a33f3c0:   0000000000000000 0000000000000000
0x000000001a33f3d0:   0000000000000001 0000000054e35571 

Instructions: (pc=0x00000000538e81c5)
0x00000000538e81a5:   cc cc cc cc cc cc cc cc cc cc cc 48 83 ec 28 48
0x00000000538e81b5:   85 c9 75 07 33 c0 48 83 c4 28 c3 48 89 5c 24 20
0x00000000538e81c5:   48 8b 19 48 85 db 74 20 48 83 fb 37 74 1a 48 8b
0x00000000538e81d5:   13 48 8b cb ff 52 10 84 c0 74 0d 48 8b c3 48 8b 


Register to memory mapping:

RAX=0x000000001a33f301 is pointing into the stack for thread: 0x0000000019939800
RBX=0x0000000019939800 is a thread
RCX=0x6f69747065637845 is an unknown value
RDX=0x0000000000000000 is an unknown value
RSP=0x000000001a33f2e0 is pointing into the stack for thread: 0x0000000019939800
RBP=0x6f69747065637845 is an unknown value
RSI=0x000000001a33f3f8 is pointing into the stack for thread: 0x0000000019939800
RDI=0x0000000000c8ea90 is an unknown value
R8 =0x0000000019939800 is a thread
R9 =0x0000000000008000 is an unknown value
R10=0x0000000000000000 is an unknown value
R11=0x000000001a33f58c is pointing into the stack for thread: 0x0000000019939800
R12=0x0000000000000000 is an unknown value
R13=0x0000000019943978 is an unknown value
R14=0x0000000000000000 is an unknown value
R15=0x0000000000000000 is an unknown value


Stack: [0x000000001a240000,0x000000001a340000],  sp=0x000000001a33f2e0,  free space=1020k
Native frames: (J=compiled Java code, j=interpreted, Vv=VM code, C=native code)
V  [jvm.dll+0x1281c5]
V  [jvm.dll+0x348f8d]
C  [jdwp.dll+0x21a15]
C  [jdwp.dll+0x53b3]
C  [jdwp.dll+0x5571]
C  [jdwp.dll+0xf0a8]
C  [jdwp.dll+0x1f2d5]
C  [jdwp.dll+0x1f4aa]
V  [jvm.dll+0x1bae78]
V  [jvm.dll+0x2418a4]
V  [jvm.dll+0x29846a]
C  [msvcr100.dll+0x21d9f]
C  [msvcr100.dll+0x21e3b]
C  [KERNEL32.DLL+0x14034]
C  [ntdll.dll+0x73691]


---------------  P R O C E S S  ---------------

Java Threads: ( => current thread )
  0x00000000026e6800 JavaThread "DestroyJavaVM" [_thread_blocked, id=5776, stack(0x00000000025e0000,0x00000000026e0000)]
  0x000000001cda4800 JavaThread "AsyncHttpClient-3-1" [_thread_in_native, id=2180, stack(0x0000000025650000,0x0000000025750000)]
  0x000000001f605800 JavaThread "Exec Stream Pumper" daemon [_thread_in_native, id=21460, stack(0x0000000025550000,0x0000000025650000)]
  0x00000000220ae000 JavaThread "Exec Stream Pumper" daemon [_thread_in_native, id=1484, stack(0x0000000025450000,0x0000000025550000)]
  0x000000002118a800 JavaThread "Exec Default Executor" daemon [_thread_in_native, id=13228, stack(0x0000000021290000,0x0000000021390000)]
  0x000000001ce74000 JavaThread "AsyncHttpClient-timer-1-1" [_thread_blocked, id=2040, stack(0x000000001ee90000,0x000000001ef90000)]
  0x000000001a654800 JavaThread "Service Thread" daemon [_thread_blocked, id=4596, stack(0x000000001b140000,0x000000001b240000)]
  0x000000001a682000 JavaThread "C1 CompilerThread3" daemon [_thread_blocked, id=9728, stack(0x000000001b040000,0x000000001b140000)]
  0x000000001a681800 JavaThread "C2 CompilerThread2" daemon [_thread_blocked, id=9984, stack(0x000000001af40000,0x000000001b040000)]
  0x0000000019cfe800 JavaThread "C2 CompilerThread1" daemon [_thread_blocked, id=16824, stack(0x000000001ae40000,0x000000001af40000)]
  0x000000001a73c000 JavaThread "C2 CompilerThread0" daemon [_thread_blocked, id=16804, stack(0x000000001ad40000,0x000000001ae40000)]
  0x0000000019948800 JavaThread "JDWP Command Reader" daemon [_thread_in_native, id=6380, stack(0x000000001a440000,0x000000001a540000)]
  0x0000000019947000 JavaThread "JDWP Event Helper Thread" daemon [_thread_blocked, id=8528, stack(0x000000001a340000,0x000000001a440000)]
=>0x0000000019939800 JavaThread "JDWP Transport Listener: dt_socket" daemon [_thread_in_vm, id=3504, stack(0x000000001a240000,0x000000001a340000)]
  0x000000001992f800 JavaThread "Attach Listener" daemon [_thread_blocked, id=16968, stack(0x0000000019e00000,0x0000000019f00000)]
  0x000000001992e800 JavaThread "Signal Dispatcher" daemon [_thread_blocked, id=15304, stack(0x0000000019d00000,0x0000000019e00000)]
  0x00000000027db800 JavaThread "Finalizer" daemon [_thread_blocked, id=15420, stack(0x0000000019800000,0x0000000019900000)]
  0x000000001792d800 JavaThread "Reference Handler" daemon [_thread_blocked, id=12484, stack(0x0000000019700000,0x0000000019800000)]

Other Threads:
  0x0000000017928800 VMThread [stack: 0x0000000019600000,0x0000000019700000] [id=20420]
  0x000000001a70a800 WatcherThread [stack: 0x000000001b240000,0x000000001b340000] [id=1184]

VM state:not at safepoint (normal execution)

VM Mutex/Monitor currently owned by a thread: None

Heap:
 PSYoungGen      total 39424K, used 3120K [0x00000000d5f00000, 0x00000000daf00000, 0x0000000100000000)
  eden space 32768K, 9% used [0x00000000d5f00000,0x00000000d620c078,0x00000000d7f00000)
  from space 6656K, 0% used [0x00000000da880000,0x00000000da880000,0x00000000daf00000)
  to   space 8192K, 0% used [0x00000000d9f00000,0x00000000d9f00000,0x00000000da700000)
 ParOldGen       total 76800K, used 22553K [0x0000000081c00000, 0x0000000086700000, 0x00000000d5f00000)
  object space 76800K, 29% used [0x0000000081c00000,0x0000000083206698,0x0000000086700000)
 Metaspace       used 20581K, capacity 21460K, committed 21680K, reserved 1069056K
  class space    used 2481K, capacity 2698K, committed 2816K, reserved 1048576K

Card table byte_map: [0x0000000011d70000,0x0000000012170000] byte_map_base: 0x0000000011962000

Marking Bits: (ParMarkBitMap*) 0x0000000053fc4040
 Begin Bits: [0x0000000012c20000, 0x0000000014bb0000)
 End Bits:   [0x0000000014bb0000, 0x0000000016b40000)

Polling page: 0x0000000000680000

CodeCache: size=245760Kb used=7272Kb max_used=7907Kb free=238488Kb
 bounds [0x00000000029b0000, 0x0000000003170000, 0x00000000119b0000]
 total_blobs=2325 nmethods=1878 adapters=367
 compilation: enabled

Compilation events (10 events):
Event: 641.666 Thread 0x000000001a73c000 2015       4       io.netty.util.HashedWheelTimer$Worker::transferTimeoutsToBuckets (124 bytes)
Event: 641.683 Thread 0x000000001a73c000 nmethod 2015 0x000000000316b610 code [0x000000000316b780, 0x000000000316bd18]
Event: 1275.964 Thread 0x000000001a73c000 2016       4       java.util.concurrent.ConcurrentHashMap$Traverser::advance (188 bytes)
Event: 1275.972 Thread 0x000000001a73c000 nmethod 2016 0x0000000003167250 code [0x00000000031673a0, 0x0000000003167578]
Event: 2939.761 Thread 0x0000000019cfe800 2017       4       java.util.concurrent.ConcurrentLinkedDeque$Itr::nextNode (9 bytes)
Event: 2939.765 Thread 0x0000000019cfe800 nmethod 2017 0x0000000002af0e90 code [0x0000000002af0fe0, 0x0000000002af10f8]
Event: 2966.161 Thread 0x000000001a681800 2018       4       java.util.concurrent.ConcurrentHashMap$BaseIterator::hasNext (13 bytes)
Event: 2966.162 Thread 0x000000001a681800 nmethod 2018 0x0000000002ac4410 code [0x0000000002ac4540, 0x0000000002ac45b8]
Event: 3855.363 Thread 0x000000001a682000 2019       1       io.netty.util.HashedWheelTimer$HashedWheelTimeout::timer (5 bytes)
Event: 3855.364 Thread 0x000000001a682000 nmethod 2019 0x0000000002afb0d0 code [0x0000000002afb220, 0x0000000002afb330]

GC Heap History (10 events):
Event: 2.427 GC heap before
{Heap before GC invocations=3 (full 0):
 PSYoungGen      total 38400K, used 37348K [0x00000000d5f00000, 0x00000000d8980000, 0x0000000100000000)
  eden space 33280K, 100% used [0x00000000d5f00000,0x00000000d7f80000,0x00000000d7f80000)
  from space 5120K, 79% used [0x00000000d8480000,0x00000000d8879010,0x00000000d8980000)
  to   space 5120K, 0% used [0x00000000d7f80000,0x00000000d7f80000,0x00000000d8480000)
 ParOldGen       total 87552K, used 24K [0x0000000081c00000, 0x0000000087180000, 0x00000000d5f00000)
  object space 87552K, 0% used [0x0000000081c00000,0x0000000081c06000,0x0000000087180000)
 Metaspace       used 14187K, capacity 14468K, committed 14720K, reserved 1062912K
  class space    used 1527K, capacity 1624K, committed 1664K, reserved 1048576K
Event: 2.437 GC heap after
Heap after GC invocations=3 (full 0):
 PSYoungGen      total 38400K, used 5094K [0x00000000d5f00000, 0x00000000daa00000, 0x0000000100000000)
  eden space 33280K, 0% used [0x00000000d5f00000,0x00000000d5f00000,0x00000000d7f80000)
  from space 5120K, 99% used [0x00000000d7f80000,0x00000000d8479b48,0x00000000d8480000)
  to   space 5120K, 0% used [0x00000000da500000,0x00000000da500000,0x00000000daa00000)
 ParOldGen       total 87552K, used 1399K [0x0000000081c00000, 0x0000000087180000, 0x00000000d5f00000)
  object space 87552K, 1% used [0x0000000081c00000,0x0000000081d5de50,0x0000000087180000)
 Metaspace       used 14187K, capacity 14468K, committed 14720K, reserved 1062912K
  class space    used 1527K, capacity 1624K, committed 1664K, reserved 1048576K
}
Event: 3.340 GC heap before
{Heap before GC invocations=4 (full 0):
 PSYoungGen      total 38400K, used 38374K [0x00000000d5f00000, 0x00000000daa00000, 0x0000000100000000)
  eden space 33280K, 100% used [0x00000000d5f00000,0x00000000d7f80000,0x00000000d7f80000)
  from space 5120K, 99% used [0x00000000d7f80000,0x00000000d8479b48,0x00000000d8480000)
  to   space 5120K, 0% used [0x00000000da500000,0x00000000da500000,0x00000000daa00000)
 ParOldGen       total 87552K, used 1399K [0x0000000081c00000, 0x0000000087180000, 0x00000000d5f00000)
  object space 87552K, 1% used [0x0000000081c00000,0x0000000081d5de50,0x0000000087180000)
 Metaspace       used 16876K, capacity 17624K, committed 17792K, reserved 1064960K
  class space    used 1958K, capacity 2158K, committed 2176K, reserved 1048576K
Event: 3.347 GC heap after
Heap after GC invocations=4 (full 0):
 PSYoungGen      total 38400K, used 5105K [0x00000000d5f00000, 0x00000000daa00000, 0x0000000100000000)
  eden space 33280K, 0% used [0x00000000d5f00000,0x00000000d5f00000,0x00000000d7f80000)
  from space 5120K, 99% used [0x00000000da500000,0x00000000da9fc6f8,0x00000000daa00000)
  to   space 5120K, 0% used [0x00000000d7f80000,0x00000000d7f80000,0x00000000d8480000)
 ParOldGen       total 87552K, used 3017K [0x0000000081c00000, 0x0000000087180000, 0x00000000d5f00000)
  object space 87552K, 3% used [0x0000000081c00000,0x0000000081ef24a0,0x0000000087180000)
 Metaspace       used 16876K, capacity 17624K, committed 17792K, reserved 1064960K
  class space    used 1958K, capacity 2158K, committed 2176K, reserved 1048576K
}
Event: 3.885 GC heap before
{Heap before GC invocations=5 (full 0):
 PSYoungGen      total 38400K, used 38385K [0x00000000d5f00000, 0x00000000daa00000, 0x0000000100000000)
  eden space 33280K, 100% used [0x00000000d5f00000,0x00000000d7f80000,0x00000000d7f80000)
  from space 5120K, 99% used [0x00000000da500000,0x00000000da9fc6f8,0x00000000daa00000)
  to   space 5120K, 0% used [0x00000000d7f80000,0x00000000d7f80000,0x00000000d8480000)
 ParOldGen       total 87552K, used 3017K [0x0000000081c00000, 0x0000000087180000, 0x00000000d5f00000)
  object space 87552K, 3% used [0x0000000081c00000,0x0000000081ef24a0,0x0000000087180000)
 Metaspace       used 19066K, capacity 19864K, committed 19968K, reserved 1067008K
  class space    used 2272K, capacity 2494K, committed 2560K, reserved 1048576K
Event: 3.892 GC heap after
Heap after GC invocations=5 (full 0):
 PSYoungGen      total 38400K, used 5105K [0x00000000d5f00000, 0x00000000db100000, 0x0000000100000000)
  eden space 33280K, 0% used [0x00000000d5f00000,0x00000000d5f00000,0x00000000d7f80000)
  from space 5120K, 99% used [0x00000000d7f80000,0x00000000d847c718,0x00000000d8480000)
  to   space 8704K, 0% used [0x00000000da880000,0x00000000da880000,0x00000000db100000)
 ParOldGen       total 87552K, used 4782K [0x0000000081c00000, 0x0000000087180000, 0x00000000d5f00000)
  object space 87552K, 5% used [0x0000000081c00000,0x00000000820ab900,0x0000000087180000)
 Metaspace       used 19066K, capacity 19864K, committed 19968K, reserved 1067008K
  class space    used 2272K, capacity 2494K, committed 2560K, reserved 1048576K
}
Event: 32.710 GC heap before
{Heap before GC invocations=6 (full 0):
 PSYoungGen      total 38400K, used 36098K [0x00000000d5f00000, 0x00000000db100000, 0x0000000100000000)
  eden space 33280K, 93% used [0x00000000d5f00000,0x00000000d7d440f8,0x00000000d7f80000)
  from space 5120K, 99% used [0x00000000d7f80000,0x00000000d847c718,0x00000000d8480000)
  to   space 8704K, 0% used [0x00000000da880000,0x00000000da880000,0x00000000db100000)
 ParOldGen       total 87552K, used 4782K [0x0000000081c00000, 0x0000000087180000, 0x00000000d5f00000)
  object space 87552K, 5% used [0x0000000081c00000,0x00000000820ab900,0x0000000087180000)
 Metaspace       used 20373K, capacity 21228K, committed 21296K, reserved 1069056K
  class space    used 2455K, capacity 2688K, committed 2688K, reserved 1048576K
Event: 32.765 GC heap after
Heap after GC invocations=6 (full 0):
 PSYoungGen      total 39424K, used 6292K [0x00000000d5f00000, 0x00000000daf00000, 0x0000000100000000)
  eden space 32768K, 0% used [0x00000000d5f00000,0x00000000d5f00000,0x00000000d7f00000)
  from space 6656K, 94% used [0x00000000da880000,0x00000000daea50a8,0x00000000daf00000)
  to   space 8192K, 0% used [0x00000000d9f00000,0x00000000d9f00000,0x00000000da700000)
 ParOldGen       total 87552K, used 21174K [0x0000000081c00000, 0x0000000087180000, 0x00000000d5f00000)
  object space 87552K, 24% used [0x0000000081c00000,0x00000000830ad910,0x0000000087180000)
 Metaspace       used 20373K, capacity 21228K, committed 21296K, reserved 1069056K
  class space    used 2455K, capacity 2688K, committed 2688K, reserved 1048576K
}
Event: 32.765 GC heap before
{Heap before GC invocations=7 (full 1):
 PSYoungGen      total 39424K, used 6292K [0x00000000d5f00000, 0x00000000daf00000, 0x0000000100000000)
  eden space 32768K, 0% used [0x00000000d5f00000,0x00000000d5f00000,0x00000000d7f00000)
  from space 6656K, 94% used [0x00000000da880000,0x00000000daea50a8,0x00000000daf00000)
  to   space 8192K, 0% used [0x00000000d9f00000,0x00000000d9f00000,0x00000000da700000)
 ParOldGen       total 87552K, used 21174K [0x0000000081c00000, 0x0000000087180000, 0x00000000d5f00000)
  object space 87552K, 24% used [0x0000000081c00000,0x00000000830ad910,0x0000000087180000)
 Metaspace       used 20373K, capacity 21228K, committed 21296K, reserved 1069056K
  class space    used 2455K, capacity 2688K, committed 2688K, reserved 1048576K
Event: 32.872 GC heap after
Heap after GC invocations=7 (full 1):
 PSYoungGen      total 39424K, used 0K [0x00000000d5f00000, 0x00000000daf00000, 0x0000000100000000)
  eden space 32768K, 0% used [0x00000000d5f00000,0x00000000d5f00000,0x00000000d7f00000)
  from space 6656K, 0% used [0x00000000da880000,0x00000000da880000,0x00000000daf00000)
  to   space 8192K, 0% used [0x00000000d9f00000,0x00000000d9f00000,0x00000000da700000)
 ParOldGen       total 76800K, used 22553K [0x0000000081c00000, 0x0000000086700000, 0x00000000d5f00000)
  object space 76800K, 29% used [0x0000000081c00000,0x0000000083206698,0x0000000086700000)
 Metaspace       used 20370K, capacity 21220K, committed 21296K, reserved 1069056K
  class space    used 2454K, capacity 2686K, committed 2688K, reserved 1048576K
}

Deoptimization events (10 events):
Event: 2.620 Thread 0x000000001cd46800 Uncommon trap: reason=predicate action=maybe_recompile pc=0x0000000002db9f64 method=sun.net.www.ParseUtil.encodePath(Ljava/lang/String;Z)Ljava/lang/String; @ 36
Event: 3.312 Thread 0x00000000026e6800 Uncommon trap: reason=unstable_if action=reinterpret pc=0x0000000002f07aa8 method=org.eclipse.jdt.launching.internal.org.objectweb.asm.SymbolTable.addConstant(Ljava/lang/Object;)Lorg/eclipse/jdt/launching/internal/org/objectweb/asm/Symbol; @ 107
Event: 3.329 Thread 0x00000000026e6800 Uncommon trap: reason=unstable_if action=reinterpret pc=0x0000000003041654 method=jdk.internal.org.objectweb.asm.Type.getArgumentsAndReturnSizes(Ljava/lang/String;)I @ 88
Event: 3.427 Thread 0x00000000026e6800 Uncommon trap: reason=unstable_if action=reinterpret pc=0x0000000002d764b0 method=org.eclipse.jdt.launching.internal.org.objectweb.asm.Type.getArgumentsAndReturnSizes(Ljava/lang/String;)I @ 25
Event: 3.477 Thread 0x00000000026e6800 Uncommon trap: reason=unstable_if action=reinterpret pc=0x0000000002e5caac method=java.lang.CharacterDataLatin1.digit(II)I @ 82
Event: 3.824 Thread 0x000000001cda4800 Uncommon trap: reason=unstable_if action=reinterpret pc=0x0000000002f52e1c method=org.eclipse.jdt.launching.internal.org.objectweb.asm.SymbolTable.addConstant(Ljava/lang/Object;)Lorg/eclipse/jdt/launching/internal/org/objectweb/asm/Symbol; @ 107
Event: 15.703 Thread 0x00000000026e6800 Uncommon trap: reason=class_check action=maybe_recompile pc=0x00000000030516c8 method=org.openqa.selenium.json.Input.init()V @ 18
Event: 15.703 Thread 0x00000000026e6800 Uncommon trap: reason=class_check action=maybe_recompile pc=0x00000000030516c8 method=org.openqa.selenium.json.Input.init()V @ 18
Event: 15.703 Thread 0x00000000026e6800 Uncommon trap: reason=class_check action=maybe_recompile pc=0x00000000030516c8 method=org.openqa.selenium.json.Input.init()V @ 18
Event: 15.703 Thread 0x00000000026e6800 Uncommon trap: reason=class_check action=maybe_recompile pc=0x00000000030516c8 method=org.openqa.selenium.json.Input.init()V @ 18

Internal exceptions (10 events):
Event: 3.173 Thread 0x00000000026e6800 Exception <a 'java/lang/NoSuchMethodError': java.lang.Object.lambda$andThen$6(Ljava/util/function/Function;Ljava/lang/Object;)Ljava/lang/Object;> (0x00000000d7198f38) thrown at [C:\re\workspace\8-2-build-windows-amd64-cygwin\jdk8u51\3951\hotspot\src\share\⁄⁄ú´öœ	@
Event: 3.226 Thread 0x00000000026e6800 Exception <a 'java/lang/NoSuchMethodError': java.lang.Object.lambda$chars$1()Ljava/util/Spliterator$OfInt;> (0x00000000d753d610) thrown at [C:\re\workspace\8-2-build-windows-amd64-cygwin\jdk8u51\3951\hotspot\src\share\vm\interpreter\linkResolver.cpp, line h˜{ç‰@
Event: 3.862 Thread 0x000000001cda4800 Exception <a 'java/lang/ArrayIndexOutOfBoundsException'> (0x00000000d7e11d10) thrown at [C:\re\workspace\8-2-build-windows-amd64-cygwin\jdk8u51\3951\hotspot\src\share\vm\runtime\sharedRuntime.cpp, line 605]
Event: 3.862 Thread 0x000000001cda4800 Exception <a 'java/lang/ArrayIndexOutOfBoundsException'> (0x00000000d7e13488) thrown at [C:\re\workspace\8-2-build-windows-amd64-cygwin\jdk8u51\3951\hotspot\src\share\vm\runtime\sharedRuntime.cpp, line 605]
Event: 3.864 Thread 0x000000001cda4800 Exception <a 'java/lang/ArrayIndexOutOfBoundsException'> (0x00000000d7e16b30) thrown at [C:\re\workspace\8-2-build-windows-amd64-cygwin\jdk8u51\3951\hotspot\src\share\vm\runtime\sharedRuntime.cpp, line 605]
Event: 3.864 Thread 0x000000001cda4800 Exception <a 'java/lang/ArrayIndexOutOfBoundsException'> (0x00000000d7e17bf8) thrown at [C:\re\workspace\8-2-build-windows-amd64-cygwin\jdk8u51\3951\hotspot\src\share\vm\runtime\sharedRuntime.cpp, line 605]
Event: 15.710 Thread 0x00000000026e6800 Exception <a 'java/lang/NoSuchMethodError': java.lang.Object.lambda$getResponseFunction$0(Lorg/openqa/selenium/remote/InitialHandshakeResponse;)Lorg/openqa/selenium/remote/ProtocolHandshake$Result;> (0x00000000d76fcc28) thrown at [C:\re\workspace\8-2-build”“˝Ä<@
Event: 28.504 Thread 0x00000000026e6800 Exception <a 'java/lang/NoSuchMethodError': java.lang.Object.of(Ljava/lang/Object;)Ljava/util/stream/Stream;> (0x00000000d7c155d8) thrown at [C:\re\workspace\8-2-build-windows-amd64-cygwin\jdk8u51\3951\hotspot\src\share\vm\interpreter\linkResolver.cpp, lin7RP}´ü@@
Event: 33.247 Thread 0x00000000026e6800 Exception <a 'java/lang/NoSuchMethodError': java.lang.Object.lambda$comparingInt$7b0bb60$1(Ljava/util/function/ToIntFunction;Ljava/lang/Object;Ljava/lang/Object;)I> (0x00000000d5f23c78) thrown at [C:\re\workspace\8-2-build-windows-amd64-cygwin\jdk8u51\3951)ÆØ√¨§@@
Event: 33.287 Thread 0x00000000026e6800 Exception <a 'java/lang/NoSuchMethodError': java.lang.Object.lambda$comparing$77a9974f$1(Ljava/util/function/Function;Ljava/lang/Object;Ljava/lang/Object;)I> (0x00000000d5f636c0) thrown at [C:\re\workspace\8-2-build-windows-amd64-cygwin\jdk8u51\3951\hotspoõòﬂï~a	@

Events (10 events):
Event: 4188.510 Executing VM operation: RedefineClasses
Event: 4188.527 Executing VM operation: RedefineClasses done
Event: 4465.486 Executing VM operation: RedefineClasses
Event: 4465.506 Executing VM operation: RedefineClasses done
Event: 4709.037 Executing VM operation: RedefineClasses
Event: 4709.058 Executing VM operation: RedefineClasses done
Event: 4736.877 Executing VM operation: RedefineClasses
Event: 4736.894 Executing VM operation: RedefineClasses done
Event: 4746.244 Executing VM operation: RedefineClasses
Event: 4746.260 Executing VM operation: RedefineClasses done


Dynamic libraries:
0x00007ff7b2fd0000 - 0x00007ff7b3007000 	C:\Program Files\Java\jdk1.8.0_51\bin\javaw.exe
0x00007fff907e0000 - 0x00007fff909c1000 	C:\Windows\SYSTEM32\ntdll.dll
0x00007fff906f0000 - 0x00007fff907a1000 	C:\Windows\System32\KERNEL32.DLL
0x00007fff8d4d0000 - 0x00007fff8d743000 	C:\Windows\System32\KERNELBASE.dll
0x00007fff8e9e0000 - 0x00007fff8ea81000 	C:\Windows\System32\ADVAPI32.dll
0x00007fff8e6d0000 - 0x00007fff8e76e000 	C:\Windows\System32\msvcrt.dll
0x00007fff8ef60000 - 0x00007fff8efbb000 	C:\Windows\System32\sechost.dll
0x00007fff905c0000 - 0x00007fff906e4000 	C:\Windows\System32\RPCRT4.dll
0x00007fff8de60000 - 0x00007fff8dff0000 	C:\Windows\System32\USER32.dll
0x00007fff8cba0000 - 0x00007fff8cbc0000 	C:\Windows\System32\win32u.dll
0x00007fff8e000000 - 0x00007fff8e028000 	C:\Windows\System32\GDI32.dll
0x00007fff8d750000 - 0x00007fff8d8e1000 	C:\Windows\System32\gdi32full.dll
0x00007fff8dbc0000 - 0x00007fff8dc5f000 	C:\Windows\System32\msvcp_win.dll
0x00007fff8cbc0000 - 0x00007fff8ccb8000 	C:\Windows\System32\ucrtbase.dll
0x00007fff5a240000 - 0x00007fff5a4a9000 	C:\Windows\WinSxS\amd64_microsoft.windows.common-controls_6595b64144ccf1df_6.0.17134.1304_none_d3fbe61b7c93d9f0\COMCTL32.dll
0x00007fff8ec30000 - 0x00007fff8ef51000 	C:\Windows\System32\combase.dll
0x00007fff8d8f0000 - 0x00007fff8d969000 	C:\Windows\System32\bcryptPrimitives.dll
0x00007fff8f140000 - 0x00007fff8f16d000 	C:\Windows\System32\IMM32.DLL
0x0000000054f50000 - 0x0000000055022000 	C:\Program Files\Java\jdk1.8.0_51\jre\bin\msvcr100.dll
0x00000000537c0000 - 0x0000000054043000 	C:\Program Files\Java\jdk1.8.0_51\jre\bin\server\jvm.dll
0x00007fff8e640000 - 0x00007fff8e648000 	C:\Windows\System32\PSAPI.DLL
0x00007fff76ed0000 - 0x00007fff76ed9000 	C:\Windows\SYSTEM32\WSOCK32.dll
0x00007fff804c0000 - 0x00007fff804ca000 	C:\Windows\SYSTEM32\VERSION.dll
0x00007fff89660000 - 0x00007fff89683000 	C:\Windows\SYSTEM32\WINMM.dll
0x00007fff8e970000 - 0x00007fff8e9dc000 	C:\Windows\System32\WS2_32.dll
0x00007fff89630000 - 0x00007fff8965a000 	C:\Windows\SYSTEM32\winmmbase.dll
0x00007fff8ccc0000 - 0x00007fff8cd09000 	C:\Windows\System32\cfgmgr32.dll
0x0000000054f40000 - 0x0000000054f4f000 	C:\Program Files\Java\jdk1.8.0_51\jre\bin\verify.dll
0x0000000054f10000 - 0x0000000054f39000 	C:\Program Files\Java\jdk1.8.0_51\jre\bin\java.dll
0x0000000054e30000 - 0x0000000054e65000 	C:\Program Files\Java\jdk1.8.0_51\jre\bin\jdwp.dll
0x0000000054e20000 - 0x0000000054e28000 	C:\Program Files\Java\jdk1.8.0_51\jre\bin\npt.dll
0x0000000054df0000 - 0x0000000054e13000 	C:\Program Files\Java\jdk1.8.0_51\jre\bin\instrument.dll
0x0000000054ef0000 - 0x0000000054f06000 	C:\Program Files\Java\jdk1.8.0_51\jre\bin\zip.dll
0x00007fff8f170000 - 0x00007fff905b5000 	C:\Windows\System32\SHELL32.dll
0x00007fff8dd90000 - 0x00007fff8de39000 	C:\Windows\System32\shcore.dll
0x00007fff8cd10000 - 0x00007fff8d420000 	C:\Windows\System32\windows.storage.dll
0x00007fff8e5e0000 - 0x00007fff8e631000 	C:\Windows\System32\shlwapi.dll
0x00007fff8cb50000 - 0x00007fff8cb61000 	C:\Windows\System32\kernel.appcore.dll
0x00007fff8cb30000 - 0x00007fff8cb4f000 	C:\Windows\System32\profapi.dll
0x00007fff8cae0000 - 0x00007fff8cb2c000 	C:\Windows\System32\powrprof.dll
0x00007fff8cb70000 - 0x00007fff8cb7a000 	C:\Windows\System32\FLTLIB.DLL
0x0000000054de0000 - 0x0000000054de9000 	C:\Program Files\Java\jdk1.8.0_51\jre\bin\dt_socket.dll
0x00007fff5fc10000 - 0x00007fff5fc26000 	C:\Windows\system32\napinsp.dll
0x00007fff5f110000 - 0x00007fff5f12a000 	C:\Windows\system32\pnrpnsp.dll
0x00007fff85340000 - 0x00007fff85359000 	C:\Windows\system32\NLAapi.dll
0x00007fff8c360000 - 0x00007fff8c3c6000 	C:\Windows\System32\mswsock.dll
0x00007fff8c0f0000 - 0x00007fff8c1ae000 	C:\Windows\SYSTEM32\DNSAPI.dll
0x00007fff8e870000 - 0x00007fff8e878000 	C:\Windows\System32\NSI.dll
0x00007fff8c0b0000 - 0x00007fff8c0e8000 	C:\Windows\SYSTEM32\IPHLPAPI.DLL
0x00007fff79260000 - 0x00007fff7926e000 	C:\Windows\System32\winrnr.dll
0x00007fff87180000 - 0x00007fff87195000 	C:\Windows\System32\wshbth.dll
0x00007fff7b840000 - 0x00007fff7b8b2000 	C:\Windows\System32\fwpuclnt.dll
0x00007fff8c640000 - 0x00007fff8c665000 	C:\Windows\SYSTEM32\bcrypt.dll
0x00007fff7c5f0000 - 0x00007fff7c5fa000 	C:\Windows\System32\rasadhlp.dll
0x0000000054ed0000 - 0x0000000054eea000 	C:\Program Files\Java\jdk1.8.0_51\jre\bin\net.dll
0x0000000054ea0000 - 0x0000000054ec4000 	C:\Program Files\Java\jdk1.8.0_51\jre\bin\sunec.dll
0x00007fff8c510000 - 0x00007fff8c527000 	C:\Windows\SYSTEM32\CRYPTSP.dll
0x00007fff8bf10000 - 0x00007fff8bf43000 	C:\Windows\system32\rsaenh.dll
0x00007fff8c9e0000 - 0x00007fff8ca08000 	C:\Windows\SYSTEM32\USERENV.dll
0x00007fff8c530000 - 0x00007fff8c53b000 	C:\Windows\SYSTEM32\CRYPTBASE.dll
0x00007fff806a0000 - 0x00007fff806b6000 	C:\Windows\SYSTEM32\dhcpcsvc6.DLL
0x00007fff80750000 - 0x00007fff8076a000 	C:\Windows\SYSTEM32\dhcpcsvc.DLL
0x0000000054e80000 - 0x0000000054e91000 	C:\Program Files\Java\jdk1.8.0_51\jre\bin\nio.dll
0x0000000054e70000 - 0x0000000054e7d000 	C:\Program Files\Java\jdk1.8.0_51\jre\bin\management.dll
0x00007fff8b390000 - 0x00007fff8b559000 	C:\Windows\SYSTEM32\dbghelp.dll

VM Arguments:
jvm_args: -agentlib:jdwp=transport=dt_socket,suspend=y,address=localhost:54715 -javaagent:C:\Users\Asus\Desktop\eclipse\configuration\org.eclipse.osgi\418\0\.cp\lib\javaagent-shaded.jar -Dfile.encoding=Cp1252 
java_command: SampleTest
java_class_path (initial): C:\Program Files\Java\jdk1.8.0_51\jre\lib\resources.jar;C:\Program Files\Java\jdk1.8.0_51\jre\lib\rt.jar;C:\Program Files\Java\jdk1.8.0_51\jre\lib\jsse.jar;C:\Program Files\Java\jdk1.8.0_51\jre\lib\jce.jar;C:\Program Files\Java\jdk1.8.0_51\jre\lib\charsets.jar;C:\Program Files\Java\jdk1.8.0_51\jre\lib\jfr.jar;C:\Program Files\Java\jdk1.8.0_51\jre\lib\ext\access-bridge-64.jar;C:\Program Files\Java\jdk1.8.0_51\jre\lib\ext\cldrdata.jar;C:\Program Files\Java\jdk1.8.0_51\jre\lib\ext\dnsns.jar;C:\Program Files\Java\jdk1.8.0_51\jre\lib\ext\jaccess.jar;C:\Program Files\Java\jdk1.8.0_51\jre\lib\ext\jfxrt.jar;C:\Program Files\Java\jdk1.8.0_51\jre\lib\ext\localedata.jar;C:\Program Files\Java\jdk1.8.0_51\jre\lib\ext\nashorn.jar;C:\Program Files\Java\jdk1.8.0_51\jre\lib\ext\sunec.jar;C:\Program Files\Java\jdk1.8.0_51\jre\lib\ext\sunjce_provider.jar;C:\Program Files\Java\jdk1.8.0_51\jre\lib\ext\sunmscapi.jar;C:\Program Files\Java\jdk1.8.0_51\jre\lib\ext\sunpkcs11.jar;C:\Program Files\Java\jdk1.8.0_51\jre\lib\ext\zipfs.jar;C:\Users\Asus\eclipse-workspace\ZohoPoMProject\target\test-classes;C:\Users\Asus\eclipse-workspace\ZohoPoMProject\target\classes;C:\Users\Asus\Desktop\eclipse\plugins\org.testng_7.2.0.r202003151902.jar;C:\Users\Asus\Desktop\eclipse\plugins\com.beust.jcommander_1.72.0.jar;C:\Users\Asus\Desktop\eclipse\plugins\org.apache-extras.beanshell.bsh_2.0.0.b6.jar;C:\Users\Asus\Desktop\eclipse\plugins\org.yaml.snakeyaml_1.21.0.jar;C:\Users\Asus\Desktop\Selenium Code - Oct 18\Selenium Code - Oct 18\poi\dom4j-1.1.jar;C:\Users\Asus\Desktop\Selenium Code - Oct 18\Selenium Code - Oct 18\poi\poi-3.6-20091214.jar;C:\Users\Asus\Desktop\Selenium Code - Oct 18\Selenium Code - Oct 18\poi\poi-ooxml-3.6-20091214.jar;C:\Users\Asus\Desktop\Selenium Code - Oct 18\Selenium Code - Oct 18\poi\poi-ooxml-schemas-3.6-20091214.jar;C:\Users\Asus\Desktop\Selenium Code - Oct 18\Selenium Code - Oct 18\poi\xmlbeans-2.3.0.jar;D:\m2\repository\org\seleniumhq\selenium\seleniu
Launcher Type: SUN_STANDARD

Environment Variables:
JAVA_HOME=C:\Program Files\Java\jdk1.8.0_51
PATH=C:\Program Files\Java\jdk1.8.0_51\jre\bin;C:/Program Files/Java/jre1.8.0_51/bin/server;C:/Program Files/Java/jre1.8.0_51/bin;C:/Program Files/Java/jre1.8.0_51/lib/amd64;C:\ProgramData\Oracle\Java\javapath;C:\Program Files (x86)\Intel\Intel(R) Management Engine Components\iCLS\;C:\Program Files\Intel\Intel(R) Management Engine Components\iCLS\;C:\Windows\system32;C:\Windows;C:\Windows\System32\Wbem;C:\Windows\System32\WindowsPowerShell\v1.0\;C:\Windows\System32\OpenSSH\;C:\Program Files (x86)\NVIDIA Corporation\PhysX\Common;C:\Program Files (x86)\Intel\Intel(R) Management Engine Components\DAL;C:\Program Files\Intel\Intel(R) Management Engine Components\DAL;C:\Program Files (x86)\Intel\Intel(R) Management Engine Components\IPT;C:\Program Files\Intel\Intel(R) Management Engine Components\IPT;C:\Program Files\Intel\WiFi\bin\;C:\Program Files\Common Files\Intel\WirelessCommon\;E:\New folder\shivani\driver\;C:\Program Files\Java\jdk1.8.0_51\bin\;C:\Program Files\Git\cmd;E:\Selenium Softwares\apache-ant-1.10.6\bin;C:\Users\Asus\anaconda3;C:\Program Files\Microsoft SQL Server\Client SDK\ODBC\170\Tools\Binn\;C:\Program Files (x86)\Microsoft SQL Server\150\Tools\Binn\;C:\Program Files\Microsoft SQL Server\150\Tools\Binn\;C:\Program Files\Microsoft SQL Server\150\DTS\Binn\;C:\Program Files (x86)\Microsoft SQL Server\150\DTS\Binn\;C:\Program Files\Apache Maven Foundation\apache-maven-3.6.3\bin;C:\Users\Asus\AppData\Local\Microsoft\WindowsApps;;C:\Users\Asus\Desktop\eclipse;
USERNAME=Asus
OS=Windows_NT
PROCESSOR_IDENTIFIER=Intel64 Family 6 Model 142 Stepping 10, GenuineIntel



---------------  S Y S T E M  ---------------

OS: Windows 10.0 , 64 bit Build 17134 (10.0.17134.753)

CPU:total 8 (4 cores per cpu, 2 threads per core) family 6 model 142 stepping 10, cmov, cx8, fxsr, mmx, sse, sse2, sse3, ssse3, sse4.1, sse4.2, popcnt, avx, avx2, aes, clmul, erms, 3dnowpref, lzcnt, ht, tsc, tscinvbit, bmi1, bmi2, adx

Memory: 4k page, physical 8267536k(2706324k free), swap 15387380k(5247580k free)

vm_info: Java HotSpot(TM) 64-Bit Server VM (25.51-b03) for windows-amd64 JRE (1.8.0_51-b16), built on Jun  8 2015 18:03:07 by "java_re" with MS VC++ 10.0 (VS2010)

time: Sat Jun 13 11:10:42 2020
elapsed time: 5198 seconds (0d 1h 26m 38s)

