#
# A fatal error has been detected by the Java Runtime Environment:
#
#  EXCEPTION_ACCESS_VIOLATION (0xc0000005) at pc=0x00000000538e81c5, pid=828, tid=18828
#
# JRE version: Java(TM) SE Runtime Environment (8.0_51-b16) (build 1.8.0_51-b16)
# Java VM: Java HotSpot(TM) 64-Bit Server VM (25.51-b03 mixed mode windows-amd64 compressed oops)
# Problematic frame:
# V  [jvm.dll+0x1281c5]
#
# Failed to write core dump. Minidumps are not enabled by default on client versions of Windows
#
# If you would like to submit a bug report, please visit:
#   http://bugreport.java.com/bugreport/crash.jsp
#

---------------  T H R E A D  ---------------

Current thread (0x000000001976e800):  JavaThread "JDWP Transport Listener: dt_socket" daemon [_thread_in_vm, id=18828, stack(0x000000001a070000,0x000000001a170000)]

siginfo: ExceptionCode=0xc0000005, reading address 0xffffffffffffffff

Registers:
RAX=0x000000001a16f901, RBX=0x000000001976e800, RCX=0x6341726f74706972, RDX=0x0000000000000000
RSP=0x000000001a16f920, RBP=0x6341726f74706972, RSI=0x000000001a16fa38, RDI=0x000000000234ea90
R8 =0x000000001976e800, R9 =0x0000000000008000, R10=0x0000000000000000, R11=0x000000001a16fbcc
R12=0x0000000000000000, R13=0x00000000197787b8, R14=0x0000000000000000, R15=0x0000000000000000
RIP=0x00000000538e81c5, EFLAGS=0x0000000000010206

Top of Stack: (sp=0x000000001a16f920)
0x000000001a16f920:   000000001976e800 000000001976e800
0x000000001a16f930:   000000001a16f9e8 0000000053aec72b
0x000000001a16f940:   000000001976e800 0000000053b08f8d
0x000000001a16f950:   0000000000000000 0000000054e49155
0x000000001a16f960:   000000001a7496f0 0000000054e5291e
0x000000001a16f970:   000000001976e800 0000000000000000
0x000000001a16f980:   0000000000000000 0000000000000000
0x000000001a16f990:   6341726f74706972 0000000054e51a15
0x000000001a16f9a0:   000000001a16fa38 000000001a16fa10
0x000000001a16f9b0:   0000000000000001 000000001a7496f0
0x000000001a16f9c0:   6341726f74706972 0000000054e353b3
0x000000001a16f9d0:   000000001a16fb00 0000000000000001
0x000000001a16f9e0:   0000000000000001 000000001a7496f0
0x000000001a16f9f0:   0000000000000009 0000000000000000
0x000000001a16fa00:   0000000000000000 0000000000000000
0x000000001a16fa10:   0000000000000001 0000000054e35571 

Instructions: (pc=0x00000000538e81c5)
0x00000000538e81a5:   cc cc cc cc cc cc cc cc cc cc cc 48 83 ec 28 48
0x00000000538e81b5:   85 c9 75 07 33 c0 48 83 c4 28 c3 48 89 5c 24 20
0x00000000538e81c5:   48 8b 19 48 85 db 74 20 48 83 fb 37 74 1a 48 8b
0x00000000538e81d5:   13 48 8b cb ff 52 10 84 c0 74 0d 48 8b c3 48 8b 


Register to memory mapping:

RAX=0x000000001a16f901 is pointing into the stack for thread: 0x000000001976e800
RBX=0x000000001976e800 is a thread
RCX=0x6341726f74706972 is an unknown value
RDX=0x0000000000000000 is an unknown value
RSP=0x000000001a16f920 is pointing into the stack for thread: 0x000000001976e800
RBP=0x6341726f74706972 is an unknown value
RSI=0x000000001a16fa38 is pointing into the stack for thread: 0x000000001976e800
RDI=0x000000000234ea90 is an unknown value
R8 =0x000000001976e800 is a thread
R9 =0x0000000000008000 is an unknown value
R10=0x0000000000000000 is an unknown value
R11=0x000000001a16fbcc is pointing into the stack for thread: 0x000000001976e800
R12=0x0000000000000000 is an unknown value
R13=0x00000000197787b8 is an unknown value
R14=0x0000000000000000 is an unknown value
R15=0x0000000000000000 is an unknown value


Stack: [0x000000001a070000,0x000000001a170000],  sp=0x000000001a16f920,  free space=1022k
Native frames: (J=compiled Java code, j=interpreted, Vv=VM code, C=native code)
V  [jvm.dll+0x1281c5]
V  [jvm.dll+0x348f8d]
C  [jdwp.dll+0x21a15]
C  [jdwp.dll+0x53b3]
C  [jdwp.dll+0x5571]
C  [jdwp.dll+0xf0a8]
C  [jdwp.dll+0x1f2d5]
C  [jdwp.dll+0x1f4aa]
V  [jvm.dll+0x1bae78]
V  [jvm.dll+0x2418a4]
V  [jvm.dll+0x29846a]
C  [msvcr100.dll+0x21d9f]
C  [msvcr100.dll+0x21e3b]
C  [KERNEL32.DLL+0x14034]
C  [ntdll.dll+0x73691]


---------------  P R O C E S S  ---------------

Java Threads: ( => current thread )
  0x00000000025e6800 JavaThread "DestroyJavaVM" [_thread_blocked, id=3200, stack(0x00000000024e0000,0x00000000025e0000)]
  0x0000000027808000 JavaThread "AsyncHttpClient-3-1" [_thread_in_native, id=3992, stack(0x0000000028e10000,0x0000000028f10000)]
  0x000000001f7b2000 JavaThread "Exec Stream Pumper" daemon [_thread_in_native, id=11280, stack(0x0000000025db0000,0x0000000025eb0000)]
  0x0000000024174000 JavaThread "Exec Stream Pumper" daemon [_thread_in_native, id=20800, stack(0x0000000023910000,0x0000000023a10000)]
  0x0000000020bd6000 JavaThread "Exec Default Executor" daemon [_thread_in_native, id=13624, stack(0x0000000022350000,0x0000000022450000)]
  0x000000001c692000 JavaThread "AsyncHttpClient-timer-1-1" [_thread_blocked, id=19032, stack(0x000000001fba0000,0x000000001fca0000)]
  0x000000001a4fd800 JavaThread "Service Thread" daemon [_thread_blocked, id=15580, stack(0x000000001af70000,0x000000001b070000)]
  0x000000001a473800 JavaThread "C1 CompilerThread3" daemon [_thread_blocked, id=3788, stack(0x000000001ae70000,0x000000001af70000)]
  0x000000001a4b4800 JavaThread "C2 CompilerThread2" daemon [_thread_blocked, id=11016, stack(0x000000001ad70000,0x000000001ae70000)]
  0x000000001a4b3800 JavaThread "C2 CompilerThread1" daemon [_thread_blocked, id=15208, stack(0x000000001ac70000,0x000000001ad70000)]
  0x000000001a56e800 JavaThread "C2 CompilerThread0" daemon [_thread_blocked, id=15260, stack(0x000000001ab70000,0x000000001ac70000)]
  0x000000001977b800 JavaThread "JDWP Command Reader" daemon [_thread_in_native, id=11968, stack(0x000000001a270000,0x000000001a370000)]
  0x000000001977a800 JavaThread "JDWP Event Helper Thread" daemon [_thread_blocked, id=9808, stack(0x000000001a170000,0x000000001a270000)]
=>0x000000001976e800 JavaThread "JDWP Transport Listener: dt_socket" daemon [_thread_in_vm, id=18828, stack(0x000000001a070000,0x000000001a170000)]
  0x0000000019760800 JavaThread "Attach Listener" daemon [_thread_blocked, id=17352, stack(0x0000000019c30000,0x0000000019d30000)]
  0x0000000019760000 JavaThread "Signal Dispatcher" daemon [_thread_blocked, id=8536, stack(0x0000000019b30000,0x0000000019c30000)]
  0x00000000026d9800 JavaThread "Finalizer" daemon [_thread_blocked, id=14680, stack(0x0000000019630000,0x0000000019730000)]
  0x000000001775d800 JavaThread "Reference Handler" daemon [_thread_blocked, id=18336, stack(0x0000000019530000,0x0000000019630000)]

Other Threads:
  0x0000000017758800 VMThread [stack: 0x0000000019430000,0x0000000019530000] [id=5516]
  0x000000001a484800 WatcherThread [stack: 0x000000001b070000,0x000000001b170000] [id=4352]

VM state:not at safepoint (normal execution)

VM Mutex/Monitor currently owned by a thread: None

Heap:
 PSYoungGen      total 39424K, used 6862K [0x00000000d5f00000, 0x00000000daf00000, 0x0000000100000000)
  eden space 32768K, 20% used [0x00000000d5f00000,0x00000000d65b3848,0x00000000d7f00000)
  from space 6656K, 0% used [0x00000000da880000,0x00000000da880000,0x00000000daf00000)
  to   space 8192K, 0% used [0x00000000d9f00000,0x00000000d9f00000,0x00000000da700000)
 ParOldGen       total 66560K, used 22573K [0x0000000081c00000, 0x0000000085d00000, 0x00000000d5f00000)
  object space 66560K, 33% used [0x0000000081c00000,0x000000008320b490,0x0000000085d00000)
 Metaspace       used 20700K, capacity 21580K, committed 21936K, reserved 1069056K
  class space    used 2477K, capacity 2718K, committed 2816K, reserved 1048576K

Card table byte_map: [0x0000000011ba0000,0x0000000011fa0000] byte_map_base: 0x0000000011792000

Marking Bits: (ParMarkBitMap*) 0x0000000053fc4040
 Begin Bits: [0x0000000012a50000, 0x00000000149e0000)
 End Bits:   [0x00000000149e0000, 0x0000000016970000)

Polling page: 0x0000000000610000

CodeCache: size=245760Kb used=7759Kb max_used=8391Kb free=238000Kb
 bounds [0x00000000027e0000, 0x0000000003050000, 0x00000000117e0000]
 total_blobs=2406 nmethods=1959 adapters=367
 compilation: enabled

Compilation events (10 events):
Event: 6145.540 Thread 0x000000001a473800 2187       3       io.netty.util.HashedWheelTimer$Worker::run (204 bytes)
Event: 6146.288 Thread 0x000000001a473800 nmethod 2187 0x0000000002949910 code [0x0000000002949bc0, 0x000000000294ac68]
Event: 7666.029 Thread 0x000000001a4b4800 2188 %     4       org.eclipse.jdt.launching.internal.org.objectweb.asm.ClassReader::readCode @ 71 (5071 bytes)
Event: 7670.290 Thread 0x000000001a4b4800 nmethod 2188% 0x000000000301d890 code [0x000000000301e7a0, 0x0000000003035118]
Event: 7831.440 Thread 0x000000001a473800 2189       3       org.asynchttpclient.cookie.CookieEvictionTask::run (30 bytes)
Event: 7831.443 Thread 0x000000001a473800 nmethod 2189 0x0000000002949290 code [0x0000000002949420, 0x0000000002949738]
Event: 7831.443 Thread 0x000000001a473800 2190       3       org.asynchttpclient.cookie.ThreadSafeCookieStore::evictExpired (5 bytes)
Event: 7831.444 Thread 0x000000001a473800 nmethod 2190 0x0000000002ba9750 code [0x0000000002ba98c0, 0x0000000002ba9a48]
Event: 8036.002 Thread 0x000000001a473800 2191       3       org.eclipse.jdt.launching.internal.org.objectweb.asm.ByteVector::putLong (145 bytes)
Event: 8036.005 Thread 0x000000001a473800 nmethod 2191 0x0000000002ba9010 code [0x0000000002ba9180, 0x0000000002ba94c8]

GC Heap History (10 events):
Event: 2.521 GC heap before
{Heap before GC invocations=3 (full 0):
 PSYoungGen      total 38400K, used 37314K [0x00000000d5f00000, 0x00000000d8980000, 0x0000000100000000)
  eden space 33280K, 100% used [0x00000000d5f00000,0x00000000d7f80000,0x00000000d7f80000)
  from space 5120K, 78% used [0x00000000d8480000,0x00000000d8870ba8,0x00000000d8980000)
  to   space 5120K, 0% used [0x00000000d7f80000,0x00000000d7f80000,0x00000000d8480000)
 ParOldGen       total 87552K, used 24K [0x0000000081c00000, 0x0000000087180000, 0x00000000d5f00000)
  object space 87552K, 0% used [0x0000000081c00000,0x0000000081c06000,0x0000000087180000)
 Metaspace       used 14185K, capacity 14476K, committed 14720K, reserved 1062912K
  class space    used 1527K, capacity 1624K, committed 1664K, reserved 1048576K
Event: 2.530 GC heap after
Heap after GC invocations=3 (full 0):
 PSYoungGen      total 38400K, used 5094K [0x00000000d5f00000, 0x00000000d8980000, 0x0000000100000000)
  eden space 33280K, 0% used [0x00000000d5f00000,0x00000000d5f00000,0x00000000d7f80000)
  from space 5120K, 99% used [0x00000000d7f80000,0x00000000d8479870,0x00000000d8480000)
  to   space 5120K, 0% used [0x00000000d8480000,0x00000000d8480000,0x00000000d8980000)
 ParOldGen       total 87552K, used 1396K [0x0000000081c00000, 0x0000000087180000, 0x00000000d5f00000)
  object space 87552K, 1% used [0x0000000081c00000,0x0000000081d5d150,0x0000000087180000)
 Metaspace       used 14185K, capacity 14476K, committed 14720K, reserved 1062912K
  class space    used 1527K, capacity 1624K, committed 1664K, reserved 1048576K
}
Event: 3.470 GC heap before
{Heap before GC invocations=4 (full 0):
 PSYoungGen      total 38400K, used 38374K [0x00000000d5f00000, 0x00000000d8980000, 0x0000000100000000)
  eden space 33280K, 100% used [0x00000000d5f00000,0x00000000d7f80000,0x00000000d7f80000)
  from space 5120K, 99% used [0x00000000d7f80000,0x00000000d8479870,0x00000000d8480000)
  to   space 5120K, 0% used [0x00000000d8480000,0x00000000d8480000,0x00000000d8980000)
 ParOldGen       total 87552K, used 1396K [0x0000000081c00000, 0x0000000087180000, 0x00000000d5f00000)
  object space 87552K, 1% used [0x0000000081c00000,0x0000000081d5d150,0x0000000087180000)
 Metaspace       used 16867K, capacity 17632K, committed 17792K, reserved 1064960K
  class space    used 1956K, capacity 2158K, committed 2176K, reserved 1048576K
Event: 3.477 GC heap after
Heap after GC invocations=4 (full 0):
 PSYoungGen      total 38400K, used 5105K [0x00000000d5f00000, 0x00000000d8980000, 0x0000000100000000)
  eden space 33280K, 0% used [0x00000000d5f00000,0x00000000d5f00000,0x00000000d7f80000)
  from space 5120K, 99% used [0x00000000d8480000,0x00000000d897c6f8,0x00000000d8980000)
  to   space 5120K, 0% used [0x00000000d7f80000,0x00000000d7f80000,0x00000000d8480000)
 ParOldGen       total 87552K, used 2994K [0x0000000081c00000, 0x0000000087180000, 0x00000000d5f00000)
  object space 87552K, 3% used [0x0000000081c00000,0x0000000081eec8e0,0x0000000087180000)
 Metaspace       used 16867K, capacity 17632K, committed 17792K, reserved 1064960K
  class space    used 1956K, capacity 2158K, committed 2176K, reserved 1048576K
}
Event: 4.076 GC heap before
{Heap before GC invocations=5 (full 0):
 PSYoungGen      total 38400K, used 38385K [0x00000000d5f00000, 0x00000000d8980000, 0x0000000100000000)
  eden space 33280K, 100% used [0x00000000d5f00000,0x00000000d7f80000,0x00000000d7f80000)
  from space 5120K, 99% used [0x00000000d8480000,0x00000000d897c6f8,0x00000000d8980000)
  to   space 5120K, 0% used [0x00000000d7f80000,0x00000000d7f80000,0x00000000d8480000)
 ParOldGen       total 87552K, used 2994K [0x0000000081c00000, 0x0000000087180000, 0x00000000d5f00000)
  object space 87552K, 3% used [0x0000000081c00000,0x0000000081eec8e0,0x0000000087180000)
 Metaspace       used 19060K, capacity 19872K, committed 19968K, reserved 1067008K
  class space    used 2272K, capacity 2494K, committed 2560K, reserved 1048576K
Event: 4.085 GC heap after
Heap after GC invocations=5 (full 0):
 PSYoungGen      total 38400K, used 5089K [0x00000000d5f00000, 0x00000000db100000, 0x0000000100000000)
  eden space 33280K, 0% used [0x00000000d5f00000,0x00000000d5f00000,0x00000000d7f80000)
  from space 5120K, 99% used [0x00000000d7f80000,0x00000000d8478728,0x00000000d8480000)
  to   space 8704K, 0% used [0x00000000da880000,0x00000000da880000,0x00000000db100000)
 ParOldGen       total 87552K, used 4846K [0x0000000081c00000, 0x0000000087180000, 0x00000000d5f00000)
  object space 87552K, 5% used [0x0000000081c00000,0x00000000820bb810,0x0000000087180000)
 Metaspace       used 19060K, capacity 19872K, committed 19968K, reserved 1067008K
  class space    used 2272K, capacity 2494K, committed 2560K, reserved 1048576K
}
Event: 39.520 GC heap before
{Heap before GC invocations=6 (full 0):
 PSYoungGen      total 38400K, used 37193K [0x00000000d5f00000, 0x00000000db100000, 0x0000000100000000)
  eden space 33280K, 96% used [0x00000000d5f00000,0x00000000d7e59e80,0x00000000d7f80000)
  from space 5120K, 99% used [0x00000000d7f80000,0x00000000d8478728,0x00000000d8480000)
  to   space 8704K, 0% used [0x00000000da880000,0x00000000da880000,0x00000000db100000)
 ParOldGen       total 87552K, used 4846K [0x0000000081c00000, 0x0000000087180000, 0x00000000d5f00000)
  object space 87552K, 5% used [0x0000000081c00000,0x00000000820bb810,0x0000000087180000)
 Metaspace       used 20428K, capacity 21236K, committed 21296K, reserved 1069056K
  class space    used 2459K, capacity 2688K, committed 2688K, reserved 1048576K
Event: 39.564 GC heap after
Heap after GC invocations=6 (full 0):
 PSYoungGen      total 39424K, used 6244K [0x00000000d5f00000, 0x00000000daf00000, 0x0000000100000000)
  eden space 32768K, 0% used [0x00000000d5f00000,0x00000000d5f00000,0x00000000d7f00000)
  from space 6656K, 93% used [0x00000000da880000,0x00000000dae99100,0x00000000daf00000)
  to   space 8192K, 0% used [0x00000000d9f00000,0x00000000d9f00000,0x00000000da700000)
 ParOldGen       total 87552K, used 21238K [0x0000000081c00000, 0x0000000087180000, 0x00000000d5f00000)
  object space 87552K, 24% used [0x0000000081c00000,0x00000000830bd820,0x0000000087180000)
 Metaspace       used 20428K, capacity 21236K, committed 21296K, reserved 1069056K
  class space    used 2459K, capacity 2688K, committed 2688K, reserved 1048576K
}
Event: 39.564 GC heap before
{Heap before GC invocations=7 (full 1):
 PSYoungGen      total 39424K, used 6244K [0x00000000d5f00000, 0x00000000daf00000, 0x0000000100000000)
  eden space 32768K, 0% used [0x00000000d5f00000,0x00000000d5f00000,0x00000000d7f00000)
  from space 6656K, 93% used [0x00000000da880000,0x00000000dae99100,0x00000000daf00000)
  to   space 8192K, 0% used [0x00000000d9f00000,0x00000000d9f00000,0x00000000da700000)
 ParOldGen       total 87552K, used 21238K [0x0000000081c00000, 0x0000000087180000, 0x00000000d5f00000)
  object space 87552K, 24% used [0x0000000081c00000,0x00000000830bd820,0x0000000087180000)
 Metaspace       used 20428K, capacity 21236K, committed 21296K, reserved 1069056K
  class space    used 2459K, capacity 2688K, committed 2688K, reserved 1048576K
Event: 39.635 GC heap after
Heap after GC invocations=7 (full 1):
 PSYoungGen      total 39424K, used 0K [0x00000000d5f00000, 0x00000000daf00000, 0x0000000100000000)
  eden space 32768K, 0% used [0x00000000d5f00000,0x00000000d5f00000,0x00000000d7f00000)
  from space 6656K, 0% used [0x00000000da880000,0x00000000da880000,0x00000000daf00000)
  to   space 8192K, 0% used [0x00000000d9f00000,0x00000000d9f00000,0x00000000da700000)
 ParOldGen       total 66560K, used 22573K [0x0000000081c00000, 0x0000000085d00000, 0x00000000d5f00000)
  object space 66560K, 33% used [0x0000000081c00000,0x000000008320b490,0x0000000085d00000)
 Metaspace       used 20425K, capacity 21228K, committed 21296K, reserved 1069056K
  class space    used 2458K, capacity 2686K, committed 2688K, reserved 1048576K
}

Deoptimization events (10 events):
Event: 2.722 Thread 0x000000001bdcd000 Uncommon trap: reason=unstable_if action=reinterpret pc=0x0000000002c9c8d4 method=java.lang.CharacterDataLatin1.digit(II)I @ 82
Event: 2.726 Thread 0x000000001bdcd000 Uncommon trap: reason=predicate action=maybe_recompile pc=0x0000000002bbcde4 method=sun.net.www.ParseUtil.encodePath(Ljava/lang/String;Z)Ljava/lang/String; @ 36
Event: 3.438 Thread 0x00000000025e6800 Uncommon trap: reason=unstable_if action=reinterpret pc=0x0000000002cbe1d8 method=org.eclipse.jdt.launching.internal.org.objectweb.asm.SymbolTable.addConstant(Ljava/lang/Object;)Lorg/eclipse/jdt/launching/internal/org/objectweb/asm/Symbol; @ 107
Event: 3.582 Thread 0x00000000025e6800 Uncommon trap: reason=unstable_if action=reinterpret pc=0x0000000002b5a4c0 method=org.eclipse.jdt.launching.internal.org.objectweb.asm.Type.getArgumentsAndReturnSizes(Ljava/lang/String;)I @ 25
Event: 3.647 Thread 0x00000000025e6800 Uncommon trap: reason=unstable_if action=reinterpret pc=0x0000000002c9cdac method=java.lang.CharacterDataLatin1.digit(II)I @ 82
Event: 11.635 Thread 0x00000000025e6800 Uncommon trap: reason=class_check action=maybe_recompile pc=0x0000000002e50548 method=org.openqa.selenium.json.Input.init()V @ 18
Event: 11.635 Thread 0x00000000025e6800 Uncommon trap: reason=class_check action=maybe_recompile pc=0x0000000002e50548 method=org.openqa.selenium.json.Input.init()V @ 18
Event: 11.636 Thread 0x00000000025e6800 Uncommon trap: reason=class_check action=maybe_recompile pc=0x0000000002e50548 method=org.openqa.selenium.json.Input.init()V @ 18
Event: 11.636 Thread 0x00000000025e6800 Uncommon trap: reason=class_check action=maybe_recompile pc=0x0000000002e50548 method=org.openqa.selenium.json.Input.init()V @ 18
Event: 2594.052 Thread 0x000000001c692000 Uncommon trap: reason=unstable_if action=reinterpret pc=0x0000000002ba2c50 method=io.netty.util.HashedWheelTimer$HashedWheelBucket.expireTimeouts(J)V @ 21

Internal exceptions (10 events):
Event: 3.274 Thread 0x00000000025e6800 Exception <a 'java/lang/ArrayIndexOutOfBoundsException'> (0x00000000d7147898) thrown at [C:\re\workspace\8-2-build-windows-amd64-cygwin\jdk8u51\3951\hotspot\src\share\vm\runtime\sharedRuntime.cpp, line 605]
Event: 3.274 Thread 0x00000000025e6800 Exception <a 'java/lang/ArrayIndexOutOfBoundsException'> (0x00000000d71506e0) thrown at [C:\re\workspace\8-2-build-windows-amd64-cygwin\jdk8u51\3951\hotspot\src\share\vm\runtime\sharedRuntime.cpp, line 605]
Event: 3.278 Thread 0x00000000025e6800 Exception <a 'java/lang/NoSuchMethodError': java.lang.Object.lambda$andThen$6(Ljava/util/function/Function;Ljava/lang/Object;)Ljava/lang/Object;> (0x00000000d7196a30) thrown at [C:\re\workspace\8-2-build-windows-amd64-cygwin\jdk8u51\3951\hotspot\src\share\Ó/í	 
@
Event: 3.328 Thread 0x00000000025e6800 Exception <a 'java/lang/NoSuchMethodError': java.lang.Object.lambda$chars$1()Ljava/util/Spliterator$OfInt;> (0x00000000d753cfb0) thrown at [C:\re\workspace\8-2-build-windows-amd64-cygwin\jdk8u51\3951\hotspot\src\share\vm\interpreter\linkResolver.cpp, line ‡x|µü8@
Event: 4.056 Thread 0x0000000027808000 Exception <a 'java/lang/ArrayIndexOutOfBoundsException'> (0x00000000d7deab88) thrown at [C:\re\workspace\8-2-build-windows-amd64-cygwin\jdk8u51\3951\hotspot\src\share\vm\runtime\sharedRuntime.cpp, line 605]
Event: 4.056 Thread 0x0000000027808000 Exception <a 'java/lang/ArrayIndexOutOfBoundsException'> (0x00000000d7dec300) thrown at [C:\re\workspace\8-2-build-windows-amd64-cygwin\jdk8u51\3951\hotspot\src\share\vm\runtime\sharedRuntime.cpp, line 605]
Event: 4.057 Thread 0x0000000027808000 Exception <a 'java/lang/ArrayIndexOutOfBoundsException'> (0x00000000d7def9a8) thrown at [C:\re\workspace\8-2-build-windows-amd64-cygwin\jdk8u51\3951\hotspot\src\share\vm\runtime\sharedRuntime.cpp, line 605]
Event: 4.058 Thread 0x0000000027808000 Exception <a 'java/lang/ArrayIndexOutOfBoundsException'> (0x00000000d7df0a88) thrown at [C:\re\workspace\8-2-build-windows-amd64-cygwin\jdk8u51\3951\hotspot\src\share\vm\runtime\sharedRuntime.cpp, line 605]
Event: 11.662 Thread 0x00000000025e6800 Exception <a 'java/lang/NoSuchMethodError': java.lang.Object.lambda$getResponseFunction$0(Lorg/openqa/selenium/remote/InitialHandshakeResponse;)Lorg/openqa/selenium/remote/ProtocolHandshake$Result;> (0x00000000d76ce8f0) thrown at [C:\re\workspace\8-2-build;¨ûÙúã9@
Event: 25.891 Thread 0x00000000025e6800 Exception <a 'java/lang/NoSuchMethodError': java.lang.Object.of(Ljava/lang/Object;)Ljava/util/stream/Stream;> (0x00000000d7c0ad88) thrown at [C:\re\workspace\8-2-build-windows-amd64-cygwin\jdk8u51\3951\hotspot\src\share\vm\interpreter\linkResolver.cpp, linÎ½€Cµ0
@

Events (10 events):
Event: 8484.115 Executing VM operation: RedefineClasses
Event: 8484.136 Executing VM operation: RedefineClasses done
Event: 8761.089 Executing VM operation: RedefineClasses
Event: 8761.110 Executing VM operation: RedefineClasses done
Event: 9004.638 Executing VM operation: RedefineClasses
Event: 9004.659 Executing VM operation: RedefineClasses done
Event: 9032.464 Executing VM operation: RedefineClasses
Event: 9032.496 Executing VM operation: RedefineClasses done
Event: 9041.853 Executing VM operation: RedefineClasses
Event: 9041.868 Executing VM operation: RedefineClasses done


Dynamic libraries:
0x00007ff7b2fd0000 - 0x00007ff7b3007000 	C:\Program Files\Java\jdk1.8.0_51\bin\javaw.exe
0x00007fff907e0000 - 0x00007fff909c1000 	C:\Windows\SYSTEM32\ntdll.dll
0x00007fff906f0000 - 0x00007fff907a1000 	C:\Windows\System32\KERNEL32.DLL
0x00007fff8d4d0000 - 0x00007fff8d743000 	C:\Windows\System32\KERNELBASE.dll
0x00007fff8e9e0000 - 0x00007fff8ea81000 	C:\Windows\System32\ADVAPI32.dll
0x00007fff8e6d0000 - 0x00007fff8e76e000 	C:\Windows\System32\msvcrt.dll
0x00007fff8ef60000 - 0x00007fff8efbb000 	C:\Windows\System32\sechost.dll
0x00007fff905c0000 - 0x00007fff906e4000 	C:\Windows\System32\RPCRT4.dll
0x00007fff8de60000 - 0x00007fff8dff0000 	C:\Windows\System32\USER32.dll
0x00007fff8cba0000 - 0x00007fff8cbc0000 	C:\Windows\System32\win32u.dll
0x00007fff8e000000 - 0x00007fff8e028000 	C:\Windows\System32\GDI32.dll
0x00007fff8d750000 - 0x00007fff8d8e1000 	C:\Windows\System32\gdi32full.dll
0x00007fff8dbc0000 - 0x00007fff8dc5f000 	C:\Windows\System32\msvcp_win.dll
0x00007fff8cbc0000 - 0x00007fff8ccb8000 	C:\Windows\System32\ucrtbase.dll
0x00007fff5a240000 - 0x00007fff5a4a9000 	C:\Windows\WinSxS\amd64_microsoft.windows.common-controls_6595b64144ccf1df_6.0.17134.1304_none_d3fbe61b7c93d9f0\COMCTL32.dll
0x00007fff8ec30000 - 0x00007fff8ef51000 	C:\Windows\System32\combase.dll
0x00007fff8d8f0000 - 0x00007fff8d969000 	C:\Windows\System32\bcryptPrimitives.dll
0x00007fff8f140000 - 0x00007fff8f16d000 	C:\Windows\System32\IMM32.DLL
0x0000000054f50000 - 0x0000000055022000 	C:\Program Files\Java\jdk1.8.0_51\jre\bin\msvcr100.dll
0x00000000537c0000 - 0x0000000054043000 	C:\Program Files\Java\jdk1.8.0_51\jre\bin\server\jvm.dll
0x00007fff8e640000 - 0x00007fff8e648000 	C:\Windows\System32\PSAPI.DLL
0x00007fff76ed0000 - 0x00007fff76ed9000 	C:\Windows\SYSTEM32\WSOCK32.dll
0x00007fff89660000 - 0x00007fff89683000 	C:\Windows\SYSTEM32\WINMM.dll
0x00007fff804c0000 - 0x00007fff804ca000 	C:\Windows\SYSTEM32\VERSION.dll
0x00007fff8e970000 - 0x00007fff8e9dc000 	C:\Windows\System32\WS2_32.dll
0x00007fff89630000 - 0x00007fff8965a000 	C:\Windows\SYSTEM32\WINMMBASE.dll
0x00007fff8ccc0000 - 0x00007fff8cd09000 	C:\Windows\System32\cfgmgr32.dll
0x0000000054f40000 - 0x0000000054f4f000 	C:\Program Files\Java\jdk1.8.0_51\jre\bin\verify.dll
0x0000000054f10000 - 0x0000000054f39000 	C:\Program Files\Java\jdk1.8.0_51\jre\bin\java.dll
0x0000000054e30000 - 0x0000000054e65000 	C:\Program Files\Java\jdk1.8.0_51\jre\bin\jdwp.dll
0x0000000054e20000 - 0x0000000054e28000 	C:\Program Files\Java\jdk1.8.0_51\jre\bin\npt.dll
0x0000000054df0000 - 0x0000000054e13000 	C:\Program Files\Java\jdk1.8.0_51\jre\bin\instrument.dll
0x0000000054ef0000 - 0x0000000054f06000 	C:\Program Files\Java\jdk1.8.0_51\jre\bin\zip.dll
0x00007fff8f170000 - 0x00007fff905b5000 	C:\Windows\System32\SHELL32.dll
0x00007fff8dd90000 - 0x00007fff8de39000 	C:\Windows\System32\shcore.dll
0x00007fff8cd10000 - 0x00007fff8d420000 	C:\Windows\System32\windows.storage.dll
0x00007fff8e5e0000 - 0x00007fff8e631000 	C:\Windows\System32\shlwapi.dll
0x00007fff8cb50000 - 0x00007fff8cb61000 	C:\Windows\System32\kernel.appcore.dll
0x00007fff8cb30000 - 0x00007fff8cb4f000 	C:\Windows\System32\profapi.dll
0x00007fff8cae0000 - 0x00007fff8cb2c000 	C:\Windows\System32\powrprof.dll
0x00007fff8cb70000 - 0x00007fff8cb7a000 	C:\Windows\System32\FLTLIB.DLL
0x0000000054de0000 - 0x0000000054de9000 	C:\Program Files\Java\jdk1.8.0_51\jre\bin\dt_socket.dll
0x00007fff5fc10000 - 0x00007fff5fc26000 	C:\Windows\system32\napinsp.dll
0x00007fff5f110000 - 0x00007fff5f12a000 	C:\Windows\system32\pnrpnsp.dll
0x00007fff85340000 - 0x00007fff85359000 	C:\Windows\system32\NLAapi.dll
0x00007fff8c360000 - 0x00007fff8c3c6000 	C:\Windows\System32\mswsock.dll
0x00007fff8c0f0000 - 0x00007fff8c1ae000 	C:\Windows\SYSTEM32\DNSAPI.dll
0x00007fff8e870000 - 0x00007fff8e878000 	C:\Windows\System32\NSI.dll
0x00007fff8c0b0000 - 0x00007fff8c0e8000 	C:\Windows\SYSTEM32\IPHLPAPI.DLL
0x00007fff79260000 - 0x00007fff7926e000 	C:\Windows\System32\winrnr.dll
0x00007fff87180000 - 0x00007fff87195000 	C:\Windows\System32\wshbth.dll
0x00007fff7b840000 - 0x00007fff7b8b2000 	C:\Windows\System32\fwpuclnt.dll
0x00007fff8c640000 - 0x00007fff8c665000 	C:\Windows\SYSTEM32\bcrypt.dll
0x00007fff7c5f0000 - 0x00007fff7c5fa000 	C:\Windows\System32\rasadhlp.dll
0x0000000054ed0000 - 0x0000000054eea000 	C:\Program Files\Java\jdk1.8.0_51\jre\bin\net.dll
0x0000000054ea0000 - 0x0000000054ec4000 	C:\Program Files\Java\jdk1.8.0_51\jre\bin\sunec.dll
0x00007fff8c510000 - 0x00007fff8c527000 	C:\Windows\SYSTEM32\CRYPTSP.dll
0x00007fff8bf10000 - 0x00007fff8bf43000 	C:\Windows\system32\rsaenh.dll
0x00007fff8c9e0000 - 0x00007fff8ca08000 	C:\Windows\SYSTEM32\USERENV.dll
0x00007fff8c530000 - 0x00007fff8c53b000 	C:\Windows\SYSTEM32\CRYPTBASE.dll
0x00007fff806a0000 - 0x00007fff806b6000 	C:\Windows\SYSTEM32\dhcpcsvc6.DLL
0x00007fff80750000 - 0x00007fff8076a000 	C:\Windows\SYSTEM32\dhcpcsvc.DLL
0x0000000054e80000 - 0x0000000054e91000 	C:\Program Files\Java\jdk1.8.0_51\jre\bin\nio.dll
0x0000000054e70000 - 0x0000000054e7d000 	C:\Program Files\Java\jdk1.8.0_51\jre\bin\management.dll
0x00007fff8b390000 - 0x00007fff8b559000 	C:\Windows\SYSTEM32\dbghelp.dll

VM Arguments:
jvm_args: -agentlib:jdwp=transport=dt_socket,suspend=y,address=localhost:49587 -javaagent:C:\Users\Asus\Desktop\eclipse\configuration\org.eclipse.osgi\418\0\.cp\lib\javaagent-shaded.jar -Dfile.encoding=Cp1252 
java_command: SampleTest
java_class_path (initial): C:\Program Files\Java\jdk1.8.0_51\jre\lib\resources.jar;C:\Program Files\Java\jdk1.8.0_51\jre\lib\rt.jar;C:\Program Files\Java\jdk1.8.0_51\jre\lib\jsse.jar;C:\Program Files\Java\jdk1.8.0_51\jre\lib\jce.jar;C:\Program Files\Java\jdk1.8.0_51\jre\lib\charsets.jar;C:\Program Files\Java\jdk1.8.0_51\jre\lib\jfr.jar;C:\Program Files\Java\jdk1.8.0_51\jre\lib\ext\access-bridge-64.jar;C:\Program Files\Java\jdk1.8.0_51\jre\lib\ext\cldrdata.jar;C:\Program Files\Java\jdk1.8.0_51\jre\lib\ext\dnsns.jar;C:\Program Files\Java\jdk1.8.0_51\jre\lib\ext\jaccess.jar;C:\Program Files\Java\jdk1.8.0_51\jre\lib\ext\jfxrt.jar;C:\Program Files\Java\jdk1.8.0_51\jre\lib\ext\localedata.jar;C:\Program Files\Java\jdk1.8.0_51\jre\lib\ext\nashorn.jar;C:\Program Files\Java\jdk1.8.0_51\jre\lib\ext\sunec.jar;C:\Program Files\Java\jdk1.8.0_51\jre\lib\ext\sunjce_provider.jar;C:\Program Files\Java\jdk1.8.0_51\jre\lib\ext\sunmscapi.jar;C:\Program Files\Java\jdk1.8.0_51\jre\lib\ext\sunpkcs11.jar;C:\Program Files\Java\jdk1.8.0_51\jre\lib\ext\zipfs.jar;C:\Users\Asus\eclipse-workspace\ZohoPoMProject\target\test-classes;C:\Users\Asus\eclipse-workspace\ZohoPoMProject\target\classes;C:\Users\Asus\Desktop\eclipse\plugins\org.testng_7.2.0.r202003151902.jar;C:\Users\Asus\Desktop\eclipse\plugins\com.beust.jcommander_1.72.0.jar;C:\Users\Asus\Desktop\eclipse\plugins\org.apache-extras.beanshell.bsh_2.0.0.b6.jar;C:\Users\Asus\Desktop\eclipse\plugins\org.yaml.snakeyaml_1.21.0.jar;C:\Users\Asus\Desktop\Selenium Code - Oct 18\Selenium Code - Oct 18\poi\dom4j-1.1.jar;C:\Users\Asus\Desktop\Selenium Code - Oct 18\Selenium Code - Oct 18\poi\poi-3.6-20091214.jar;C:\Users\Asus\Desktop\Selenium Code - Oct 18\Selenium Code - Oct 18\poi\poi-ooxml-3.6-20091214.jar;C:\Users\Asus\Desktop\Selenium Code - Oct 18\Selenium Code - Oct 18\poi\poi-ooxml-schemas-3.6-20091214.jar;C:\Users\Asus\Desktop\Selenium Code - Oct 18\Selenium Code - Oct 18\poi\xmlbeans-2.3.0.jar;D:\m2\repository\org\seleniumhq\selenium\seleniu
Launcher Type: SUN_STANDARD

Environment Variables:
JAVA_HOME=C:\Program Files\Java\jdk1.8.0_51
PATH=C:\Program Files\Java\jdk1.8.0_51\jre\bin;C:/Program Files/Java/jre1.8.0_51/bin/server;C:/Program Files/Java/jre1.8.0_51/bin;C:/Program Files/Java/jre1.8.0_51/lib/amd64;C:\ProgramData\Oracle\Java\javapath;C:\Program Files (x86)\Intel\Intel(R) Management Engine Components\iCLS\;C:\Program Files\Intel\Intel(R) Management Engine Components\iCLS\;C:\Windows\system32;C:\Windows;C:\Windows\System32\Wbem;C:\Windows\System32\WindowsPowerShell\v1.0\;C:\Windows\System32\OpenSSH\;C:\Program Files (x86)\NVIDIA Corporation\PhysX\Common;C:\Program Files (x86)\Intel\Intel(R) Management Engine Components\DAL;C:\Program Files\Intel\Intel(R) Management Engine Components\DAL;C:\Program Files (x86)\Intel\Intel(R) Management Engine Components\IPT;C:\Program Files\Intel\Intel(R) Management Engine Components\IPT;C:\Program Files\Intel\WiFi\bin\;C:\Program Files\Common Files\Intel\WirelessCommon\;E:\New folder\shivani\driver\;C:\Program Files\Java\jdk1.8.0_51\bin\;C:\Program Files\Git\cmd;E:\Selenium Softwares\apache-ant-1.10.6\bin;C:\Users\Asus\anaconda3;C:\Program Files\Microsoft SQL Server\Client SDK\ODBC\170\Tools\Binn\;C:\Program Files (x86)\Microsoft SQL Server\150\Tools\Binn\;C:\Program Files\Microsoft SQL Server\150\Tools\Binn\;C:\Program Files\Microsoft SQL Server\150\DTS\Binn\;C:\Program Files (x86)\Microsoft SQL Server\150\DTS\Binn\;C:\Program Files\Apache Maven Foundation\apache-maven-3.6.3\bin;C:\Users\Asus\AppData\Local\Microsoft\WindowsApps;;C:\Users\Asus\Desktop\eclipse;
USERNAME=Asus
OS=Windows_NT
PROCESSOR_IDENTIFIER=Intel64 Family 6 Model 142 Stepping 10, GenuineIntel



---------------  S Y S T E M  ---------------

OS: Windows 10.0 , 64 bit Build 17134 (10.0.17134.753)

CPU:total 8 (4 cores per cpu, 2 threads per core) family 6 model 142 stepping 10, cmov, cx8, fxsr, mmx, sse, sse2, sse3, ssse3, sse4.1, sse4.2, popcnt, avx, avx2, aes, clmul, erms, 3dnowpref, lzcnt, ht, tsc, tscinvbit, bmi1, bmi2, adx

Memory: 4k page, physical 8267536k(2677472k free), swap 15387380k(4924112k free)

vm_info: Java HotSpot(TM) 64-Bit Server VM (25.51-b03) for windows-amd64 JRE (1.8.0_51-b16), built on Jun  8 2015 18:03:07 by "java_re" with MS VC++ 10.0 (VS2010)

time: Sat Jun 13 11:10:41 2020
elapsed time: 9493 seconds (0d 2h 38m 13s)

